

<<< RUNNING main.py >>>
[21:07:51] {main.py:51} INFO - Retrieving data with update_best_server
[21:07:51] {main.py:54} INFO - Data retrieved with update_best_server
[21:07:51] {main.py:38} DEBUG - url: http://speedtest.pentanet.com.au:8080/speedtest/upload.php
[21:07:51] {main.py:38} DEBUG - lat: -31.9554
[21:07:51] {main.py:38} DEBUG - lon: 115.8585
[21:07:51] {main.py:38} DEBUG - name: Perth
[21:07:51] {main.py:38} DEBUG - country: Australia
[21:07:51] {main.py:38} DEBUG - cc: AU
[21:07:51] {main.py:38} DEBUG - sponsor: Pentanet
[21:07:51] {main.py:38} DEBUG - id: 17109
[21:07:51] {main.py:38} DEBUG - host: speedtest.pentanet.com.au:8080
[21:07:51] {main.py:38} DEBUG - d: 1.069870420577675
[21:07:51] {main.py:38} DEBUG - latency: 4.975
[21:07:51] {main.py:43} DEBUG - {'url': 'http://speedtest.pentanet.com.au:8080/speedtest/upload.php', 'lat': '-31.9554', 'lon': '115.8585', 'name': 'Perth', 'country': 'Australia', 'cc': 'AU', 'sponsor': 'Pentanet', 'id': '17109', 'host': 'speedtest.pentanet.com.au:8080', 'd': 1.069870420577675, 'latency': 4.975}
[21:07:51] {main.py:51} INFO - Retrieving data with update_download_speed


<<< RUNNING main.py >>>
[21:08:45] {main.py:51} INFO - Retrieving data with update_best_server
[21:08:45] {main.py:54} INFO - Data retrieved with update_best_server
[21:08:45] {main.py:38} DEBUG - url: http://speedtest.pentanet.com.au:8080/speedtest/upload.php
[21:08:45] {main.py:38} DEBUG - lat: -31.9554
[21:08:45] {main.py:38} DEBUG - lon: 115.8585
[21:08:45] {main.py:38} DEBUG - name: Perth
[21:08:45] {main.py:38} DEBUG - country: Australia
[21:08:45] {main.py:38} DEBUG - cc: AU
[21:08:45] {main.py:38} DEBUG - sponsor: Pentanet
[21:08:45] {main.py:38} DEBUG - id: 17109
[21:08:45] {main.py:38} DEBUG - host: speedtest.pentanet.com.au:8080
[21:08:45] {main.py:38} DEBUG - d: 1.069870420577675
[21:08:45] {main.py:38} DEBUG - latency: 5.185
[21:08:45] {main.py:43} DEBUG - {'url': 'http://speedtest.pentanet.com.au:8080/speedtest/upload.php', 'lat': '-31.9554', 'lon': '115.8585', 'name': 'Perth', 'country': 'Australia', 'cc': 'AU', 'sponsor': 'Pentanet', 'id': '17109', 'host': 'speedtest.pentanet.com.au:8080', 'd': 1.069870420577675, 'latency': 5.185}
[21:08:45] {main.py:51} INFO - Retrieving data with update_download_speed
[21:08:55] {main.py:54} INFO - Data retrieved with update_download_speed
[21:08:55] {main.py:43} DEBUG - 54075925.170863695
[21:08:55] {main.py:51} INFO - Retrieving data with update_upload_speed
[21:09:05] {main.py:54} INFO - Data retrieved with update_upload_speed
[21:09:05] {main.py:43} DEBUG - 16767686.685565572
[21:09:05] {main.py:51} INFO - Retrieving data with update_download_speed
[21:09:15] {main.py:54} INFO - Data retrieved with update_download_speed
[21:09:15] {main.py:43} DEBUG - 53872647.05654916
<<< SCRIPT COMPLETE main.py >>>
